<?xml version="1.0" encoding="UTF-8"?>
<testsuite name="alhilal.androidapp.RunTest" time="0.045" tests="6" errors="0" skipped="4" failures="2">
  <properties>
    <property name="java.runtime.name" value="Java(TM) SE Runtime Environment"/>
    <property name="sun.boot.library.path" value="/Library/Java/JavaVirtualMachines/jdk1.8.0_102.jdk/Contents/Home/jre/lib"/>
    <property name="java.vm.version" value="25.102-b14"/>
    <property name="gopherProxySet" value="false"/>
    <property name="java.vm.vendor" value="Oracle Corporation"/>
    <property name="maven.multiModuleProjectDirectory" value="/Users/alhilalbank/Documents/eclipse/workspace/androidapp"/>
    <property name="java.vendor.url" value="http://java.oracle.com/"/>
    <property name="path.separator" value=":"/>
    <property name="guice.disable.misplaced.annotation.check" value="true"/>
    <property name="java.vm.name" value="Java HotSpot(TM) 64-Bit Server VM"/>
    <property name="file.encoding.pkg" value="sun.io"/>
    <property name="user.country" value="US"/>
    <property name="sun.java.launcher" value="SUN_STANDARD"/>
    <property name="sun.os.patch.level" value="unknown"/>
    <property name="java.vm.specification.name" value="Java Virtual Machine Specification"/>
    <property name="user.dir" value="/Users/alhilalbank/Documents/eclipse/workspace/androidapp"/>
    <property name="java.runtime.version" value="1.8.0_102-b14"/>
    <property name="java.awt.graphicsenv" value="sun.awt.CGraphicsEnvironment"/>
    <property name="java.endorsed.dirs" value="/Library/Java/JavaVirtualMachines/jdk1.8.0_102.jdk/Contents/Home/jre/lib/endorsed"/>
    <property name="os.arch" value="x86_64"/>
    <property name="java.io.tmpdir" value="/var/folders/5r/g8dnh8wx2y79y7wk28y05zbm0000gn/T/"/>
    <property name="line.separator" value="&#10;"/>
    <property name="java.vm.specification.vendor" value="Oracle Corporation"/>
    <property name="os.name" value="Mac OS X"/>
    <property name="classworlds.conf" value="/Users/alhilalbank/Documents/eclipse/workspace/.metadata/.plugins/org.eclipse.m2e.launching/launches/m2conf8573462522647712234.tmp"/>
    <property name="sun.jnu.encoding" value="UTF-8"/>
    <property name="java.library.path" value="/Users/alhilalbank/Library/Java/Extensions:/Library/Java/Extensions:/Network/Library/Java/Extensions:/System/Library/Java/Extensions:/usr/lib/java:."/>
    <property name="java.specification.name" value="Java Platform API Specification"/>
    <property name="java.class.version" value="52.0"/>
    <property name="sun.management.compiler" value="HotSpot 64-Bit Tiered Compilers"/>
    <property name="os.version" value="10.11.6"/>
    <property name="http.nonProxyHosts" value="local|*.local|169.254/16|*.169.254/16"/>
    <property name="user.home" value="/Users/alhilalbank"/>
    <property name="user.timezone" value="Asia/Dubai"/>
    <property name="java.awt.printerjob" value="sun.lwawt.macosx.CPrinterJob"/>
    <property name="java.specification.version" value="1.8"/>
    <property name="file.encoding" value="UTF-8"/>
    <property name="user.name" value="alhilalbank"/>
    <property name="java.class.path" value="/Applications/Eclipse.app/Contents/Eclipse/plugins/org.eclipse.m2e.maven.runtime_1.9.1.20180912-1600/jars/plexus-classworlds-2.5.2.jar"/>
    <property name="java.vm.specification.version" value="1.8"/>
    <property name="sun.arch.data.model" value="64"/>
    <property name="java.home" value="/Library/Java/JavaVirtualMachines/jdk1.8.0_102.jdk/Contents/Home/jre"/>
    <property name="sun.java.command" value="org.codehaus.plexus.classworlds.launcher.Launcher -B test"/>
    <property name="java.specification.vendor" value="Oracle Corporation"/>
    <property name="user.language" value="en"/>
    <property name="awt.toolkit" value="sun.lwawt.macosx.LWCToolkit"/>
    <property name="java.vm.info" value="mixed mode"/>
    <property name="java.version" value="1.8.0_102"/>
    <property name="java.ext.dirs" value="/Users/alhilalbank/Library/Java/Extensions:/Library/Java/JavaVirtualMachines/jdk1.8.0_102.jdk/Contents/Home/jre/lib/ext:/Library/Java/Extensions:/Network/Library/Java/Extensions:/System/Library/Java/Extensions:/usr/lib/java"/>
    <property name="sun.boot.class.path" value="/Library/Java/JavaVirtualMachines/jdk1.8.0_102.jdk/Contents/Home/jre/lib/resources.jar:/Library/Java/JavaVirtualMachines/jdk1.8.0_102.jdk/Contents/Home/jre/lib/rt.jar:/Library/Java/JavaVirtualMachines/jdk1.8.0_102.jdk/Contents/Home/jre/lib/sunrsasign.jar:/Library/Java/JavaVirtualMachines/jdk1.8.0_102.jdk/Contents/Home/jre/lib/jsse.jar:/Library/Java/JavaVirtualMachines/jdk1.8.0_102.jdk/Contents/Home/jre/lib/jce.jar:/Library/Java/JavaVirtualMachines/jdk1.8.0_102.jdk/Contents/Home/jre/lib/charsets.jar:/Library/Java/JavaVirtualMachines/jdk1.8.0_102.jdk/Contents/Home/jre/lib/jfr.jar:/Library/Java/JavaVirtualMachines/jdk1.8.0_102.jdk/Contents/Home/jre/classes"/>
    <property name="java.vendor" value="Oracle Corporation"/>
    <property name="maven.home" value="/Users/alhilalbank/Documents/eclipse/workspace/androidapp/EMBEDDED"/>
    <property name="file.separator" value="/"/>
    <property name="java.vendor.url.bug" value="http://bugreport.sun.com/bugreport/"/>
    <property name="sun.cpu.endian" value="little"/>
    <property name="sun.io.unicode.encoding" value="UnicodeBig"/>
    <property name="socksNonProxyHosts" value="local|*.local|169.254/16|*.169.254/16"/>
    <property name="ftp.nonProxyHosts" value="local|*.local|169.254/16|*.169.254/16"/>
    <property name="sun.cpu.isalist" value=""/>
  </properties>
  <testcase name="Given Verify the homescreen button Register using card number" classname="Scenario: Register usign Credit Card and Credit Card pin - Active Card" time="0.022">
    <failure message="The Registration using card details button is displayedis not as expected" type="java.lang.AssertionError">java.lang.AssertionError: The Registration using card details button is displayedis not as expected
	at org.junit.Assert.fail(Assert.java:88)
	at org.junit.Assert.assertTrue(Assert.java:41)
	at alhilal.androidapp.utils.AppiumHelpers.assertTrue(AppiumHelpers.java:60)
	at alhilal.androidapp.pages.NonReg_HomeScreenpage.VerifyRegbtn(NonReg_HomeScreenpage.java:9)
	at alhilal.androidapp.step_definitions.NonReg_HomeScreen_Steps.verify_the_homescreen_button_Register_using_card_number(NonReg_HomeScreen_Steps.java:11)
	at ✽.Given Verify the homescreen button Register using card number(Registration_Cred_Card.feature:7)
</failure>
    <system-out><![CDATA[@reg_cred_card
Feature: Registration process using Credit Card
  I should be able to register using my Credit card and Credit card pin
]]></system-out>
    <system-err><![CDATA[Oct 28, 2018 10:43:14 AM org.openqa.selenium.remote.ProtocolHandshake createSession
INFO: Detected dialect: W3C
]]></system-err>
  </testcase>
  <testcase name="Scenario: Register usign Credit Card and Credit Card pin - Active Card" classname="Scenario: Register usign Credit Card and Credit Card pin - Active Card" time="0.023">
    <failure message="The Registration using card details button is displayedis not as expected" type="java.lang.AssertionError">java.lang.AssertionError: The Registration using card details button is displayedis not as expected
	at org.junit.Assert.fail(Assert.java:88)
	at org.junit.Assert.assertTrue(Assert.java:41)
	at alhilal.androidapp.utils.AppiumHelpers.assertTrue(AppiumHelpers.java:60)
	at alhilal.androidapp.pages.NonReg_HomeScreenpage.VerifyRegbtn(NonReg_HomeScreenpage.java:9)
	at alhilal.androidapp.step_definitions.NonReg_HomeScreen_Steps.verify_the_homescreen_button_Register_using_card_number(NonReg_HomeScreen_Steps.java:11)
	at ✽.Given Verify the homescreen button Register using card number(Registration_Cred_Card.feature:7)
</failure>
  </testcase>
  <testcase name="When Tap on Register using card number button and navigate to registration screen" classname="Scenario: Register usign Credit Card and Credit Card pin - Active Card" time="0">
    <skipped/>
  </testcase>
  <testcase name="Then Enter the Active Credit Card number" classname="Scenario: Register usign Credit Card and Credit Card pin - Active Card" time="0">
    <skipped/>
  </testcase>
  <testcase name="And Enter the Active Credict Card PIN number" classname="Scenario: Register usign Credit Card and Credit Card pin - Active Card" time="0">
    <skipped/>
  </testcase>
  <testcase name="Then Verify the card details are validated on fly" classname="Scenario: Register usign Credit Card and Credit Card pin - Active Card" time="0">
    <skipped/>
  </testcase>
</testsuite>